
SMTP Connection
Connecting to SMTP server  smtp.gmail.com
Email sent!
SMTP connection is closed

SMTP Connection
Connecting to SMTP server  smtp.gmail.com
Email sent!
SMTP connection is closed
day tap the duc

SMTP Connection
Connecting to SMTP server  smtp.gmail.com
Email sent!
SMTP connection is closed

SMTP Connection
Connecting to SMTP server  smtp.gmail.com
Email sent!
SMTP connection is closed

SMTP Connection
Connecting to SMTP server  smtp.gmail.com
Email sent!
SMTP connection is closed
